# JRE version: Java(TM) SE Runtime Environment (8.0_111-b14) (build 1.8.0_111-b14)
# Java VM: Java HotSpot(TM) 64-Bit Server VM (25.111-b14 mixed mode linux-amd64 compressed oops)
Heap:
 PSYoungGen      total 322048K, used 21984K [0x00000000dbf00000, 0x00000000f0f00000, 0x0000000100000000)
  eden space 300032K, 0% used [0x00000000dbf00000,0x00000000dbf00000,0x00000000ee400000)
  from space 22016K, 99% used [0x00000000ee400000,0x00000000ef978010,0x00000000ef980000)
  to   space 18432K, 0% used [0x00000000efd00000,0x00000000efd00000,0x00000000f0f00000)
 ParOldGen       total 90112K, used 41804K [0x0000000093c00000, 0x0000000099400000, 0x00000000dbf00000)
  object space 90112K, 46% used [0x0000000093c00000,0x00000000964d3108,0x0000000099400000)
 Metaspace       used 41717K, capacity 44380K, committed 44632K, reserved 1087488K
  class space    used 5861K, capacity 6662K, committed 6744K, reserved 1048576K
GC Heap History (10 events):
Event: 12,480 GC heap after
Heap after GC invocations=6 (full 1):
 PSYoungGen      total 117248K, used 4608K [0x00000000dbf00000, 0x00000000e8280000, 0x0000000100000000)
  eden space 112640K, 0% used [0x00000000dbf00000,0x00000000dbf00000,0x00000000e2d00000)
  from space 4608K, 100% used [0x00000000e2d00000,0x00000000e3180000,0x00000000e3180000)
  to   space 13824K, 0% used [0x00000000e7500000,0x00000000e7500000,0x00000000e8280000)
 ParOldGen       total 60928K, used 21781K [0x0000000093c00000, 0x0000000097780000, 0x00000000dbf00000)
  object space 60928K, 35% used [0x0000000093c00000,0x00000000951455a0,0x0000000097780000)
 Metaspace       used 29077K, capacity 29876K, committed 29952K, reserved 1075200K
  class space    used 4003K, capacity 4308K, committed 4352K, reserved 1048576K
}
Event: 19,889 GC heap before
{Heap before GC invocations=7 (full 1):
 PSYoungGen      total 117248K, used 117248K [0x00000000dbf00000, 0x00000000e8280000, 0x0000000100000000)
  eden space 112640K, 100% used [0x00000000dbf00000,0x00000000e2d00000,0x00000000e2d00000)
  from space 4608K, 100% used [0x00000000e2d00000,0x00000000e3180000,0x00000000e3180000)
  to   space 13824K, 0% used [0x00000000e7500000,0x00000000e7500000,0x00000000e8280000)
 ParOldGen       total 60928K, used 21781K [0x0000000093c00000, 0x0000000097780000, 0x00000000dbf00000)
  object space 60928K, 35% used [0x0000000093c00000,0x00000000951455a0,0x0000000097780000)
 Metaspace       used 33764K, capacity 34962K, committed 35072K, reserved 1079296K
  class space    used 4640K, capacity 5084K, committed 5120K, reserved 1048576K
Event: 19,967 GC heap after
Heap after GC invocations=7 (full 1):
 PSYoungGen      total 181760K, used 13794K [0x00000000dbf00000, 0x00000000e8900000, 0x0000000100000000)
  eden space 167936K, 0% used [0x00000000dbf00000,0x00000000dbf00000,0x00000000e6300000)
  from space 13824K, 99% used [0x00000000e7500000,0x00000000e82788e8,0x00000000e8280000)
  to   space 18432K, 0% used [0x00000000e6300000,0x00000000e6300000,0x00000000e7500000)
 ParOldGen       total 60928K, used 26017K [0x0000000093c00000, 0x0000000097780000, 0x00000000dbf00000)
  object space 60928K, 42% used [0x0000000093c00000,0x0000000095568780,0x0000000097780000)
 Metaspace       used 33764K, capacity 34962K, committed 35072K, reserved 1079296K
  class space    used 4640K, capacity 5084K, committed 5120K, reserved 1048576K
}
Event: 20,165 GC heap before
{Heap before GC invocations=8 (full 1):
 PSYoungGen      total 181760K, used 27488K [0x00000000dbf00000, 0x00000000e8900000, 0x0000000100000000)
  eden space 167936K, 8% used [0x00000000dbf00000,0x00000000dcc5faa0,0x00000000e6300000)
  from space 13824K, 99% used [0x00000000e7500000,0x00000000e82788e8,0x00000000e8280000)
  to   space 18432K, 0% used [0x00000000e6300000,0x00000000e6300000,0x00000000e7500000)
 ParOldGen       total 60928K, used 26017K [0x0000000093c00000, 0x0000000097780000, 0x00000000dbf00000)
  object space 60928K, 42% used [0x0000000093c00000,0x0000000095568780,0x0000000097780000)
 Metaspace       used 34115K, capacity 35294K, committed 35416K, reserved 1079296K
  class space    used 4689K, capacity 5152K, committed 5208K, reserved 1048576K
Event: 20,218 GC heap after
Heap after GC invocations=8 (full 1):
 PSYoungGen      total 186368K, used 15166K [0x00000000dbf00000, 0x00000000f1080000, 0x0000000100000000)
  eden space 167936K, 0% used [0x00000000dbf00000,0x00000000dbf00000,0x00000000e6300000)
  from space 18432K, 82% used [0x00000000e6300000,0x00000000e71cfba0,0x00000000e7500000)
  to   space 19968K, 0% used [0x00000000efd00000,0x00000000efd00000,0x00000000f1080000)
 ParOldGen       total 60928K, used 26025K [0x0000000093c00000, 0x0000000097780000, 0x00000000dbf00000)
  object space 60928K, 42% used [0x0000000093c00000,0x000000009556a780,0x0000000097780000)
 Metaspace       used 34115K, capacity 35294K, committed 35416K, reserved 1079296K
  class space    used 4689K, capacity 5152K, committed 5208K, reserved 1048576K
}
Event: 20,218 GC heap before
{Heap before GC invocations=9 (full 2):
 PSYoungGen      total 186368K, used 15166K [0x00000000dbf00000, 0x00000000f1080000, 0x0000000100000000)
  eden space 167936K, 0% used [0x00000000dbf00000,0x00000000dbf00000,0x00000000e6300000)
  from space 18432K, 82% used [0x00000000e6300000,0x00000000e71cfba0,0x00000000e7500000)
  to   space 19968K, 0% used [0x00000000efd00000,0x00000000efd00000,0x00000000f1080000)
 ParOldGen       total 60928K, used 26025K [0x0000000093c00000, 0x0000000097780000, 0x00000000dbf00000)
  object space 60928K, 42% used [0x0000000093c00000,0x000000009556a780,0x0000000097780000)
 Metaspace       used 34115K, capacity 35294K, committed 35416K, reserved 1079296K
  class space    used 4689K, capacity 5152K, committed 5208K, reserved 1048576K
Event: 20,462 GC heap after
Heap after GC invocations=9 (full 2):
 PSYoungGen      total 186368K, used 0K [0x00000000dbf00000, 0x00000000f1080000, 0x0000000100000000)
  eden space 167936K, 0% used [0x00000000dbf00000,0x00000000dbf00000,0x00000000e6300000)
  from space 18432K, 0% used [0x00000000e6300000,0x00000000e6300000,0x00000000e7500000)
  to   space 19968K, 0% used [0x00000000efd00000,0x00000000efd00000,0x00000000f1080000)
 ParOldGen       total 90112K, used 32167K [0x0000000093c00000, 0x0000000099400000, 0x00000000dbf00000)
  object space 90112K, 35% used [0x0000000093c00000,0x0000000095b69e38,0x0000000099400000)
 Metaspace       used 34115K, capacity 35294K, committed 35416K, reserved 1079296K
  class space    used 4689K, capacity 5152K, committed 5208K, reserved 1048576K
}
Event: 32,085 GC heap before
{Heap before GC invocations=10 (full 2):
 PSYoungGen      total 186368K, used 167936K [0x00000000dbf00000, 0x00000000f1080000, 0x0000000100000000)
  eden space 167936K, 100% used [0x00000000dbf00000,0x00000000e6300000,0x00000000e6300000)
  from space 18432K, 0% used [0x00000000e6300000,0x00000000e6300000,0x00000000e7500000)
  to   space 19968K, 0% used [0x00000000efd00000,0x00000000efd00000,0x00000000f1080000)
 ParOldGen       total 90112K, used 32167K [0x0000000093c00000, 0x0000000099400000, 0x00000000dbf00000)
  object space 90112K, 35% used [0x0000000093c00000,0x0000000095b69e38,0x0000000099400000)
 Metaspace       used 38781K, capacity 40384K, committed 40664K, reserved 1083392K
  class space    used 5407K, capacity 6059K, committed 6104K, reserved 1048576K
Event: 33,552 GC heap after
Heap after GC invocations=10 (full 2):
 PSYoungGen      total 318464K, used 17610K [0x00000000dbf00000, 0x00000000f0f00000, 0x0000000100000000)
  eden space 300032K, 0% used [0x00000000dbf00000,0x00000000dbf00000,0x00000000ee400000)
  from space 18432K, 95% used [0x00000000efd00000,0x00000000f0e32b10,0x00000000f0f00000)
  to   space 22016K, 0% used [0x00000000ee400000,0x00000000ee400000,0x00000000ef980000)
 ParOldGen       total 90112K, used 32175K [0x0000000093c00000, 0x0000000099400000, 0x00000000dbf00000)
  object space 90112K, 35% used [0x0000000093c00000,0x0000000095b6be38,0x0000000099400000)
 Metaspace       used 38781K, capacity 40384K, committed 40664K, reserved 1083392K
  class space    used 5407K, capacity 6059K, committed 6104K, reserved 1048576K
}
Event: 103,008 GC heap before
{Heap before GC invocations=11 (full 2):
 PSYoungGen      total 318464K, used 317642K [0x00000000dbf00000, 0x00000000f0f00000, 0x0000000100000000)
  eden space 300032K, 100% used [0x00000000dbf00000,0x00000000ee400000,0x00000000ee400000)
  from space 18432K, 95% used [0x00000000efd00000,0x00000000f0e32b10,0x00000000f0f00000)
  to   space 22016K, 0% used [0x00000000ee400000,0x00000000ee400000,0x00000000ef980000)
 ParOldGen       total 90112K, used 32175K [0x0000000093c00000, 0x0000000099400000, 0x00000000dbf00000)
  object space 90112K, 35% used [0x0000000093c00000,0x0000000095b6be38,0x0000000099400000)
 Metaspace       used 41717K, capacity 44380K, committed 44632K, reserved 1087488K
  class space    used 5861K, capacity 6662K, committed 6744K, reserved 1048576K

